[debug] [2023-04-13T06:15:02.740Z] ----------------------------------------------------------------------
[debug] [2023-04-13T06:15:02.756Z] Command:       C:\Program Files\nodejs\node.exe C:\Users\Gugas\AppData\Roaming\npm\node_modules\firebase-tools\lib\bin\firebase.js deploy
[debug] [2023-04-13T06:15:02.760Z] CLI Version:   11.26.0
[debug] [2023-04-13T06:15:02.761Z] Platform:      win32
[debug] [2023-04-13T06:15:02.762Z] Node Version:  v18.14.2
[debug] [2023-04-13T06:15:02.771Z] Time:          Thu Apr 13 2023 08:15:02 GMT+0200 (South Africa Standard Time)
[debug] [2023-04-13T06:15:02.772Z] ----------------------------------------------------------------------
[debug] 
[debug] [2023-04-13T06:15:03.229Z] > command requires scopes: ["email","openid","https://www.googleapis.com/auth/cloudplatformprojects.readonly","https://www.googleapis.com/auth/firebase","https://www.googleapis.com/auth/cloud-platform"]
[debug] [2023-04-13T06:15:03.232Z] > authorizing via signed-in user (g09b5546@gmail.com)
[debug] [2023-04-13T06:15:03.233Z] [iam] checking project gymexercises12 for permissions ["firebase.projects.get","firebasehosting.sites.update"]
[debug] [2023-04-13T06:15:03.248Z] >>> [apiv2][query] POST https://cloudresourcemanager.googleapis.com/v1/projects/gymexercises12:testIamPermissions [none]
[debug] [2023-04-13T06:15:03.249Z] >>> [apiv2][(partial)header] POST https://cloudresourcemanager.googleapis.com/v1/projects/gymexercises12:testIamPermissions x-goog-quota-user=projects/gymexercises12
[debug] [2023-04-13T06:15:03.250Z] >>> [apiv2][body] POST https://cloudresourcemanager.googleapis.com/v1/projects/gymexercises12:testIamPermissions {"permissions":["firebase.projects.get","firebasehosting.sites.update"]}
[debug] [2023-04-13T06:15:06.200Z] <<< [apiv2][status] POST https://cloudresourcemanager.googleapis.com/v1/projects/gymexercises12:testIamPermissions 200
[debug] [2023-04-13T06:15:06.203Z] <<< [apiv2][body] POST https://cloudresourcemanager.googleapis.com/v1/projects/gymexercises12:testIamPermissions {"permissions":["firebase.projects.get","firebasehosting.sites.update"]}
[debug] [2023-04-13T06:15:06.212Z] >>> [apiv2][query] GET https://firebase.googleapis.com/v1beta1/projects/gymexercises12 [none]
[debug] [2023-04-13T06:15:10.095Z] <<< [apiv2][status] GET https://firebase.googleapis.com/v1beta1/projects/gymexercises12 200
[debug] [2023-04-13T06:15:10.096Z] <<< [apiv2][body] GET https://firebase.googleapis.com/v1beta1/projects/gymexercises12 {"projectId":"gymexercises12","projectNumber":"661749010470","displayName":"gym-junky","name":"projects/gymexercises12","resources":{"hostingSite":"gymexercises12"},"state":"ACTIVE","etag":"1_78268d59-cb5d-4835-937f-ae413259adf9"}
[info] 
[info] === Deploying to 'gymexercises12'...
[info] 
[info] i  deploying hosting 
[debug] [2023-04-13T06:15:10.145Z] >>> [apiv2][query] POST https://firebasehosting.googleapis.com/v1beta1/projects/-/sites/gymexercises12/versions [none]
[debug] [2023-04-13T06:15:10.146Z] >>> [apiv2][body] POST https://firebasehosting.googleapis.com/v1beta1/projects/-/sites/gymexercises12/versions {"status":"CREATED","labels":{"deployment-tool":"cli-firebase"}}
[debug] [2023-04-13T06:15:14.388Z] <<< [apiv2][status] POST https://firebasehosting.googleapis.com/v1beta1/projects/-/sites/gymexercises12/versions 200
[debug] [2023-04-13T06:15:14.389Z] <<< [apiv2][body] POST https://firebasehosting.googleapis.com/v1beta1/projects/-/sites/gymexercises12/versions {"name":"projects/661749010470/sites/gymexercises12/versions/9f95c1cc8b33cb62","status":"CREATED","config":{},"labels":{"deployment-tool":"cli-firebase"}}
[info] i  hosting[gymexercises12]: beginning deploy... 
[info] i  hosting[gymexercises12]: found 14 files in build 
[debug] [2023-04-13T06:15:14.573Z] [hosting] uploading with 200 concurrency
[debug] [2023-04-13T06:15:14.582Z] [hosting] hash cache [YnVpbGQ] not populated
[debug] [2023-04-13T06:15:16.760Z] [hosting] hash cache [YnVpbGQ] stored for 14 files
[debug] [2023-04-13T06:15:16.762Z] [hosting][hash queue][FINAL] {"max":2094,"min":130,"avg":326.35714285714283,"active":0,"complete":14,"success":14,"errored":0,"retried":0,"total":14,"elapsed":2171}
[debug] [2023-04-13T06:15:16.765Z] >>> [apiv2][query] POST https://firebasehosting.googleapis.com/v1beta1/projects/661749010470/sites/gymexercises12/versions/9f95c1cc8b33cb62:populateFiles [none]
[debug] [2023-04-13T06:15:16.765Z] >>> [apiv2][body] POST https://firebasehosting.googleapis.com/v1beta1/projects/661749010470/sites/gymexercises12/versions/9f95c1cc8b33cb62:populateFiles {"files":{"/asset-manifest.json":"98063249fb18ae907725e0b9a4e294ae98a65685b2a76ee4d42091153deb7050","/index.html":"e30e61b36c7525f41f890046171e36051c9285f7fb0e38c7c035ec8daad1a815","/favicon.ico":"eae62e993eb980ec8a25058c39d5a51feab118bd2100c4deebb2a9c158ec11f9","/logo192.png":"3ee59515172ee198f3be375979df15ac5345183e656720a381b8872b2a39dc8b","/manifest.json":"aff3449bdc238776f5d6d967f19ec491b36aed5fb7f23ccff6500736fd58494a","/logo512.png":"ee7e2f3fdb8209c4b6fd7bef6ba50d1b9dba30a25bb5c3126df057e1cb6f5331","/robots.txt":"bfe106a3fb878dc83461c86818bf74fc1bdc7f28538ba613cd3e775516ce8b49","/static/css/main.20acbc28.css":"6c9bae3f926121f70f5c2480aa3744a1d67011795af959f3574fb5d64f608606","/static/css/main.20acbc28.css.map":"387aee66dacb9b5abfdde08737b53936856ad84473e9bce48627a662c9a95a06","/static/js/main.753f1100.js.LICENSE.txt":"193512ec5cfc1f53f4a59511a4858af5e89e70aee8dd4e22d5b1195b78ce0540","/static/media/gym.6e701417c428e2fbc267.png":"3a6eb84bae492d1d9e27e4e720d277a82db4ac4194c3aa3cb02c2537f79868d3","/static/js/main.753f1100.js":"607def80eeef5bf201a68e85bc68e7a1c025965edac85ae56d5acee2f7318ed6","/static/media/banner.5209b5e92a864ca0c615.png":"e26dfd653f1cd86e139e7109fde9fe9e115cdfb7e48a1df1530c67781edddc07","/static/js/main.753f1100.js.map":"0c7e6618b26ba33b02ec359a57a197c99450ed16470b9093d5e07e6714810533"}}
[debug] [2023-04-13T06:15:19.721Z] <<< [apiv2][status] POST https://firebasehosting.googleapis.com/v1beta1/projects/661749010470/sites/gymexercises12/versions/9f95c1cc8b33cb62:populateFiles 200
[debug] [2023-04-13T06:15:19.721Z] <<< [apiv2][body] POST https://firebasehosting.googleapis.com/v1beta1/projects/661749010470/sites/gymexercises12/versions/9f95c1cc8b33cb62:populateFiles {"uploadRequiredHashes":["bfe106a3fb878dc83461c86818bf74fc1bdc7f28538ba613cd3e775516ce8b49","607def80eeef5bf201a68e85bc68e7a1c025965edac85ae56d5acee2f7318ed6","98063249fb18ae907725e0b9a4e294ae98a65685b2a76ee4d42091153deb7050","6c9bae3f926121f70f5c2480aa3744a1d67011795af959f3574fb5d64f608606","e26dfd653f1cd86e139e7109fde9fe9e115cdfb7e48a1df1530c67781edddc07","aff3449bdc238776f5d6d967f19ec491b36aed5fb7f23ccff6500736fd58494a","ee7e2f3fdb8209c4b6fd7bef6ba50d1b9dba30a25bb5c3126df057e1cb6f5331","387aee66dacb9b5abfdde08737b53936856ad84473e9bce48627a662c9a95a06","193512ec5cfc1f53f4a59511a4858af5e89e70aee8dd4e22d5b1195b78ce0540","3a6eb84bae492d1d9e27e4e720d277a82db4ac4194c3aa3cb02c2537f79868d3","0c7e6618b26ba33b02ec359a57a197c99450ed16470b9093d5e07e6714810533","eae62e993eb980ec8a25058c39d5a51feab118bd2100c4deebb2a9c158ec11f9","3ee59515172ee198f3be375979df15ac5345183e656720a381b8872b2a39dc8b","e30e61b36c7525f41f890046171e36051c9285f7fb0e38c7c035ec8daad1a815"],"uploadUrl":"https://upload-firebasehosting.googleapis.com/upload/sites/gymexercises12/versions/9f95c1cc8b33cb62/files"}
[debug] [2023-04-13T06:15:19.736Z] >>> [apiv2][query] POST https://upload-firebasehosting.googleapis.com/upload/sites/gymexercises12/versions/9f95c1cc8b33cb62/files/bfe106a3fb878dc83461c86818bf74fc1bdc7f28538ba613cd3e775516ce8b49 [none]
[debug] [2023-04-13T06:15:19.737Z] >>> [apiv2][body] POST https://upload-firebasehosting.googleapis.com/upload/sites/gymexercises12/versions/9f95c1cc8b33cb62/files/bfe106a3fb878dc83461c86818bf74fc1bdc7f28538ba613cd3e775516ce8b49 [stream]
[debug] [2023-04-13T06:15:19.743Z] >>> [apiv2][query] POST https://upload-firebasehosting.googleapis.com/upload/sites/gymexercises12/versions/9f95c1cc8b33cb62/files/607def80eeef5bf201a68e85bc68e7a1c025965edac85ae56d5acee2f7318ed6 [none]
[debug] [2023-04-13T06:15:19.744Z] >>> [apiv2][body] POST https://upload-firebasehosting.googleapis.com/upload/sites/gymexercises12/versions/9f95c1cc8b33cb62/files/607def80eeef5bf201a68e85bc68e7a1c025965edac85ae56d5acee2f7318ed6 [stream]
[debug] [2023-04-13T06:15:19.750Z] >>> [apiv2][query] POST https://upload-firebasehosting.googleapis.com/upload/sites/gymexercises12/versions/9f95c1cc8b33cb62/files/98063249fb18ae907725e0b9a4e294ae98a65685b2a76ee4d42091153deb7050 [none]
[debug] [2023-04-13T06:15:19.750Z] >>> [apiv2][body] POST https://upload-firebasehosting.googleapis.com/upload/sites/gymexercises12/versions/9f95c1cc8b33cb62/files/98063249fb18ae907725e0b9a4e294ae98a65685b2a76ee4d42091153deb7050 [stream]
[debug] [2023-04-13T06:15:19.759Z] >>> [apiv2][query] POST https://upload-firebasehosting.googleapis.com/upload/sites/gymexercises12/versions/9f95c1cc8b33cb62/files/6c9bae3f926121f70f5c2480aa3744a1d67011795af959f3574fb5d64f608606 [none]
[debug] [2023-04-13T06:15:19.760Z] >>> [apiv2][body] POST https://upload-firebasehosting.googleapis.com/upload/sites/gymexercises12/versions/9f95c1cc8b33cb62/files/6c9bae3f926121f70f5c2480aa3744a1d67011795af959f3574fb5d64f608606 [stream]
[debug] [2023-04-13T06:15:19.768Z] >>> [apiv2][query] POST https://upload-firebasehosting.googleapis.com/upload/sites/gymexercises12/versions/9f95c1cc8b33cb62/files/e26dfd653f1cd86e139e7109fde9fe9e115cdfb7e48a1df1530c67781edddc07 [none]
[debug] [2023-04-13T06:15:19.770Z] >>> [apiv2][body] POST https://upload-firebasehosting.googleapis.com/upload/sites/gymexercises12/versions/9f95c1cc8b33cb62/files/e26dfd653f1cd86e139e7109fde9fe9e115cdfb7e48a1df1530c67781edddc07 [stream]
[debug] [2023-04-13T06:15:19.797Z] >>> [apiv2][query] POST https://upload-firebasehosting.googleapis.com/upload/sites/gymexercises12/versions/9f95c1cc8b33cb62/files/aff3449bdc238776f5d6d967f19ec491b36aed5fb7f23ccff6500736fd58494a [none]
[debug] [2023-04-13T06:15:19.799Z] >>> [apiv2][body] POST https://upload-firebasehosting.googleapis.com/upload/sites/gymexercises12/versions/9f95c1cc8b33cb62/files/aff3449bdc238776f5d6d967f19ec491b36aed5fb7f23ccff6500736fd58494a [stream]
[debug] [2023-04-13T06:15:19.813Z] >>> [apiv2][query] POST https://upload-firebasehosting.googleapis.com/upload/sites/gymexercises12/versions/9f95c1cc8b33cb62/files/ee7e2f3fdb8209c4b6fd7bef6ba50d1b9dba30a25bb5c3126df057e1cb6f5331 [none]
[debug] [2023-04-13T06:15:19.813Z] >>> [apiv2][body] POST https://upload-firebasehosting.googleapis.com/upload/sites/gymexercises12/versions/9f95c1cc8b33cb62/files/ee7e2f3fdb8209c4b6fd7bef6ba50d1b9dba30a25bb5c3126df057e1cb6f5331 [stream]
[debug] [2023-04-13T06:15:19.823Z] >>> [apiv2][query] POST https://upload-firebasehosting.googleapis.com/upload/sites/gymexercises12/versions/9f95c1cc8b33cb62/files/387aee66dacb9b5abfdde08737b53936856ad84473e9bce48627a662c9a95a06 [none]
[debug] [2023-04-13T06:15:19.823Z] >>> [apiv2][body] POST https://upload-firebasehosting.googleapis.com/upload/sites/gymexercises12/versions/9f95c1cc8b33cb62/files/387aee66dacb9b5abfdde08737b53936856ad84473e9bce48627a662c9a95a06 [stream]
[debug] [2023-04-13T06:15:19.836Z] >>> [apiv2][query] POST https://upload-firebasehosting.googleapis.com/upload/sites/gymexercises12/versions/9f95c1cc8b33cb62/files/193512ec5cfc1f53f4a59511a4858af5e89e70aee8dd4e22d5b1195b78ce0540 [none]
[debug] [2023-04-13T06:15:19.836Z] >>> [apiv2][body] POST https://upload-firebasehosting.googleapis.com/upload/sites/gymexercises12/versions/9f95c1cc8b33cb62/files/193512ec5cfc1f53f4a59511a4858af5e89e70aee8dd4e22d5b1195b78ce0540 [stream]
[debug] [2023-04-13T06:15:19.846Z] >>> [apiv2][query] POST https://upload-firebasehosting.googleapis.com/upload/sites/gymexercises12/versions/9f95c1cc8b33cb62/files/3a6eb84bae492d1d9e27e4e720d277a82db4ac4194c3aa3cb02c2537f79868d3 [none]
[debug] [2023-04-13T06:15:19.847Z] >>> [apiv2][body] POST https://upload-firebasehosting.googleapis.com/upload/sites/gymexercises12/versions/9f95c1cc8b33cb62/files/3a6eb84bae492d1d9e27e4e720d277a82db4ac4194c3aa3cb02c2537f79868d3 [stream]
[debug] [2023-04-13T06:15:19.856Z] >>> [apiv2][query] POST https://upload-firebasehosting.googleapis.com/upload/sites/gymexercises12/versions/9f95c1cc8b33cb62/files/0c7e6618b26ba33b02ec359a57a197c99450ed16470b9093d5e07e6714810533 [none]
[debug] [2023-04-13T06:15:19.856Z] >>> [apiv2][body] POST https://upload-firebasehosting.googleapis.com/upload/sites/gymexercises12/versions/9f95c1cc8b33cb62/files/0c7e6618b26ba33b02ec359a57a197c99450ed16470b9093d5e07e6714810533 [stream]
[debug] [2023-04-13T06:15:19.868Z] >>> [apiv2][query] POST https://upload-firebasehosting.googleapis.com/upload/sites/gymexercises12/versions/9f95c1cc8b33cb62/files/eae62e993eb980ec8a25058c39d5a51feab118bd2100c4deebb2a9c158ec11f9 [none]
[debug] [2023-04-13T06:15:19.868Z] >>> [apiv2][body] POST https://upload-firebasehosting.googleapis.com/upload/sites/gymexercises12/versions/9f95c1cc8b33cb62/files/eae62e993eb980ec8a25058c39d5a51feab118bd2100c4deebb2a9c158ec11f9 [stream]
[debug] [2023-04-13T06:15:19.877Z] >>> [apiv2][query] POST https://upload-firebasehosting.googleapis.com/upload/sites/gymexercises12/versions/9f95c1cc8b33cb62/files/3ee59515172ee198f3be375979df15ac5345183e656720a381b8872b2a39dc8b [none]
[debug] [2023-04-13T06:15:19.877Z] >>> [apiv2][body] POST https://upload-firebasehosting.googleapis.com/upload/sites/gymexercises12/versions/9f95c1cc8b33cb62/files/3ee59515172ee198f3be375979df15ac5345183e656720a381b8872b2a39dc8b [stream]
[debug] [2023-04-13T06:15:19.884Z] >>> [apiv2][query] POST https://upload-firebasehosting.googleapis.com/upload/sites/gymexercises12/versions/9f95c1cc8b33cb62/files/e30e61b36c7525f41f890046171e36051c9285f7fb0e38c7c035ec8daad1a815 [none]
[debug] [2023-04-13T06:15:19.885Z] >>> [apiv2][body] POST https://upload-firebasehosting.googleapis.com/upload/sites/gymexercises12/versions/9f95c1cc8b33cb62/files/e30e61b36c7525f41f890046171e36051c9285f7fb0e38c7c035ec8daad1a815 [stream]
[debug] [2023-04-13T06:15:19.890Z] [hosting][populate queue][FINAL] {"max":2986,"min":2986,"avg":2986,"active":0,"complete":1,"success":1,"errored":0,"retried":0,"total":1,"elapsed":3141}
[debug] [2023-04-13T06:15:19.891Z] [hosting] uploads queued: 14
[debug] [2023-04-13T06:15:22.471Z] <<< [apiv2][status] POST https://upload-firebasehosting.googleapis.com/upload/sites/gymexercises12/versions/9f95c1cc8b33cb62/files/3a6eb84bae492d1d9e27e4e720d277a82db4ac4194c3aa3cb02c2537f79868d3 200
[debug] [2023-04-13T06:15:22.472Z] <<< [apiv2][body] POST https://upload-firebasehosting.googleapis.com/upload/sites/gymexercises12/versions/9f95c1cc8b33cb62/files/3a6eb84bae492d1d9e27e4e720d277a82db4ac4194c3aa3cb02c2537f79868d3 [stream]
[debug] [2023-04-13T06:15:22.979Z] <<< [apiv2][status] POST https://upload-firebasehosting.googleapis.com/upload/sites/gymexercises12/versions/9f95c1cc8b33cb62/files/eae62e993eb980ec8a25058c39d5a51feab118bd2100c4deebb2a9c158ec11f9 200
[debug] [2023-04-13T06:15:22.980Z] <<< [apiv2][body] POST https://upload-firebasehosting.googleapis.com/upload/sites/gymexercises12/versions/9f95c1cc8b33cb62/files/eae62e993eb980ec8a25058c39d5a51feab118bd2100c4deebb2a9c158ec11f9 [stream]
[debug] [2023-04-13T06:15:23.225Z] <<< [apiv2][status] POST https://upload-firebasehosting.googleapis.com/upload/sites/gymexercises12/versions/9f95c1cc8b33cb62/files/ee7e2f3fdb8209c4b6fd7bef6ba50d1b9dba30a25bb5c3126df057e1cb6f5331 200
[debug] [2023-04-13T06:15:23.226Z] <<< [apiv2][body] POST https://upload-firebasehosting.googleapis.com/upload/sites/gymexercises12/versions/9f95c1cc8b33cb62/files/ee7e2f3fdb8209c4b6fd7bef6ba50d1b9dba30a25bb5c3126df057e1cb6f5331 [stream]
[debug] [2023-04-13T06:15:23.230Z] <<< [apiv2][status] POST https://upload-firebasehosting.googleapis.com/upload/sites/gymexercises12/versions/9f95c1cc8b33cb62/files/98063249fb18ae907725e0b9a4e294ae98a65685b2a76ee4d42091153deb7050 200
[debug] [2023-04-13T06:15:23.230Z] <<< [apiv2][body] POST https://upload-firebasehosting.googleapis.com/upload/sites/gymexercises12/versions/9f95c1cc8b33cb62/files/98063249fb18ae907725e0b9a4e294ae98a65685b2a76ee4d42091153deb7050 [stream]
[debug] [2023-04-13T06:15:23.435Z] <<< [apiv2][status] POST https://upload-firebasehosting.googleapis.com/upload/sites/gymexercises12/versions/9f95c1cc8b33cb62/files/387aee66dacb9b5abfdde08737b53936856ad84473e9bce48627a662c9a95a06 200
[debug] [2023-04-13T06:15:23.435Z] <<< [apiv2][body] POST https://upload-firebasehosting.googleapis.com/upload/sites/gymexercises12/versions/9f95c1cc8b33cb62/files/387aee66dacb9b5abfdde08737b53936856ad84473e9bce48627a662c9a95a06 [stream]
[debug] [2023-04-13T06:15:24.464Z] <<< [apiv2][status] POST https://upload-firebasehosting.googleapis.com/upload/sites/gymexercises12/versions/9f95c1cc8b33cb62/files/6c9bae3f926121f70f5c2480aa3744a1d67011795af959f3574fb5d64f608606 200
[debug] [2023-04-13T06:15:24.465Z] <<< [apiv2][body] POST https://upload-firebasehosting.googleapis.com/upload/sites/gymexercises12/versions/9f95c1cc8b33cb62/files/6c9bae3f926121f70f5c2480aa3744a1d67011795af959f3574fb5d64f608606 [stream]
[debug] [2023-04-13T06:15:24.470Z] <<< [apiv2][status] POST https://upload-firebasehosting.googleapis.com/upload/sites/gymexercises12/versions/9f95c1cc8b33cb62/files/3ee59515172ee198f3be375979df15ac5345183e656720a381b8872b2a39dc8b 200
[debug] [2023-04-13T06:15:24.471Z] <<< [apiv2][body] POST https://upload-firebasehosting.googleapis.com/upload/sites/gymexercises12/versions/9f95c1cc8b33cb62/files/3ee59515172ee198f3be375979df15ac5345183e656720a381b8872b2a39dc8b [stream]
[debug] [2023-04-13T06:15:24.675Z] <<< [apiv2][status] POST https://upload-firebasehosting.googleapis.com/upload/sites/gymexercises12/versions/9f95c1cc8b33cb62/files/aff3449bdc238776f5d6d967f19ec491b36aed5fb7f23ccff6500736fd58494a 200
[debug] [2023-04-13T06:15:24.676Z] <<< [apiv2][body] POST https://upload-firebasehosting.googleapis.com/upload/sites/gymexercises12/versions/9f95c1cc8b33cb62/files/aff3449bdc238776f5d6d967f19ec491b36aed5fb7f23ccff6500736fd58494a [stream]
[debug] [2023-04-13T06:15:24.703Z] <<< [apiv2][status] POST https://upload-firebasehosting.googleapis.com/upload/sites/gymexercises12/versions/9f95c1cc8b33cb62/files/193512ec5cfc1f53f4a59511a4858af5e89e70aee8dd4e22d5b1195b78ce0540 200
[debug] [2023-04-13T06:15:24.703Z] <<< [apiv2][body] POST https://upload-firebasehosting.googleapis.com/upload/sites/gymexercises12/versions/9f95c1cc8b33cb62/files/193512ec5cfc1f53f4a59511a4858af5e89e70aee8dd4e22d5b1195b78ce0540 [stream]
[debug] [2023-04-13T06:15:25.092Z] <<< [apiv2][status] POST https://upload-firebasehosting.googleapis.com/upload/sites/gymexercises12/versions/9f95c1cc8b33cb62/files/bfe106a3fb878dc83461c86818bf74fc1bdc7f28538ba613cd3e775516ce8b49 200
[debug] [2023-04-13T06:15:25.092Z] <<< [apiv2][body] POST https://upload-firebasehosting.googleapis.com/upload/sites/gymexercises12/versions/9f95c1cc8b33cb62/files/bfe106a3fb878dc83461c86818bf74fc1bdc7f28538ba613cd3e775516ce8b49 [stream]
[debug] [2023-04-13T06:15:25.101Z] <<< [apiv2][status] POST https://upload-firebasehosting.googleapis.com/upload/sites/gymexercises12/versions/9f95c1cc8b33cb62/files/e30e61b36c7525f41f890046171e36051c9285f7fb0e38c7c035ec8daad1a815 200
[debug] [2023-04-13T06:15:25.102Z] <<< [apiv2][body] POST https://upload-firebasehosting.googleapis.com/upload/sites/gymexercises12/versions/9f95c1cc8b33cb62/files/e30e61b36c7525f41f890046171e36051c9285f7fb0e38c7c035ec8daad1a815 [stream]
[debug] [2023-04-13T06:15:30.981Z] <<< [apiv2][status] POST https://upload-firebasehosting.googleapis.com/upload/sites/gymexercises12/versions/9f95c1cc8b33cb62/files/607def80eeef5bf201a68e85bc68e7a1c025965edac85ae56d5acee2f7318ed6 200
[debug] [2023-04-13T06:15:30.983Z] <<< [apiv2][body] POST https://upload-firebasehosting.googleapis.com/upload/sites/gymexercises12/versions/9f95c1cc8b33cb62/files/607def80eeef5bf201a68e85bc68e7a1c025965edac85ae56d5acee2f7318ed6 [stream]
[debug] [2023-04-13T06:15:34.345Z] <<< [apiv2][status] POST https://upload-firebasehosting.googleapis.com/upload/sites/gymexercises12/versions/9f95c1cc8b33cb62/files/e26dfd653f1cd86e139e7109fde9fe9e115cdfb7e48a1df1530c67781edddc07 200
[debug] [2023-04-13T06:15:34.345Z] <<< [apiv2][body] POST https://upload-firebasehosting.googleapis.com/upload/sites/gymexercises12/versions/9f95c1cc8b33cb62/files/e26dfd653f1cd86e139e7109fde9fe9e115cdfb7e48a1df1530c67781edddc07 [stream]
[debug] [2023-04-13T06:15:39.091Z] <<< [apiv2][status] POST https://upload-firebasehosting.googleapis.com/upload/sites/gymexercises12/versions/9f95c1cc8b33cb62/files/0c7e6618b26ba33b02ec359a57a197c99450ed16470b9093d5e07e6714810533 200
[debug] [2023-04-13T06:15:39.091Z] <<< [apiv2][body] POST https://upload-firebasehosting.googleapis.com/upload/sites/gymexercises12/versions/9f95c1cc8b33cb62/files/0c7e6618b26ba33b02ec359a57a197c99450ed16470b9093d5e07e6714810533 [stream]
[debug] [2023-04-13T06:15:39.092Z] [hosting][upload queue][FINAL] {"max":19360,"min":2741,"avg":6576.714285714285,"active":0,"complete":14,"success":14,"errored":0,"retried":0,"total":14,"elapsed":19370}
[info] +  hosting[gymexercises12]: file upload complete 
[debug] [2023-04-13T06:15:39.095Z] [hosting] deploy completed after 24698ms
[debug] [2023-04-13T06:15:39.106Z] [
  {
    "config": {
      "public": "build",
      "ignore": [
        "firebase.json",
        "**/.*",
        "**/node_modules/**"
      ],
      "site": "gymexercises12"
    },
    "version": "projects/661749010470/sites/gymexercises12/versions/9f95c1cc8b33cb62"
  }
]
[info] i  hosting[gymexercises12]: finalizing version... 
[debug] [2023-04-13T06:15:39.116Z] >>> [apiv2][query] PATCH https://firebasehosting.googleapis.com/v1beta1/projects/-/sites/gymexercises12/versions/9f95c1cc8b33cb62 updateMask=status%2Cconfig
[debug] [2023-04-13T06:15:39.116Z] >>> [apiv2][body] PATCH https://firebasehosting.googleapis.com/v1beta1/projects/-/sites/gymexercises12/versions/9f95c1cc8b33cb62 {"status":"FINALIZED","config":{}}
[debug] [2023-04-13T06:15:45.361Z] <<< [apiv2][status] PATCH https://firebasehosting.googleapis.com/v1beta1/projects/-/sites/gymexercises12/versions/9f95c1cc8b33cb62 200
[debug] [2023-04-13T06:15:45.363Z] <<< [apiv2][body] PATCH https://firebasehosting.googleapis.com/v1beta1/projects/-/sites/gymexercises12/versions/9f95c1cc8b33cb62 {"name":"projects/661749010470/sites/gymexercises12/versions/9f95c1cc8b33cb62","status":"FINALIZED","config":{},"labels":{"deployment-tool":"cli-firebase"},"createTime":"2023-04-13T06:15:12.916887Z","createUser":{"email":"g09b5546@gmail.com"},"finalizeTime":"2023-04-13T06:15:43.143005Z","finalizeUser":{"email":"g09b5546@gmail.com"}}
[debug] [2023-04-13T06:15:45.364Z] [hosting] finalized version for gymexercises12:[object Object]
[info] +  hosting[gymexercises12]: version finalized 
[info] i  hosting[gymexercises12]: releasing new version... 
[debug] [2023-04-13T06:15:45.370Z] >>> [apiv2][query] POST https://firebasehosting.googleapis.com/v1beta1/projects/-/sites/gymexercises12/channels/live/releases versionName=projects%2F661749010470%2Fsites%2Fgymexercises12%2Fversions%2F9f95c1cc8b33cb62
[debug] [2023-04-13T06:15:45.371Z] >>> [apiv2][body] POST https://firebasehosting.googleapis.com/v1beta1/projects/-/sites/gymexercises12/channels/live/releases {}
[debug] [2023-04-13T06:15:52.567Z] <<< [apiv2][status] POST https://firebasehosting.googleapis.com/v1beta1/projects/-/sites/gymexercises12/channels/live/releases 200
[debug] [2023-04-13T06:15:52.568Z] <<< [apiv2][body] POST https://firebasehosting.googleapis.com/v1beta1/projects/-/sites/gymexercises12/channels/live/releases {"name":"projects/661749010470/sites/gymexercises12/channels/live/releases/1681366549092000","version":{"name":"projects/661749010470/sites/gymexercises12/versions/9f95c1cc8b33cb62","status":"FINALIZED","config":{},"labels":{"deployment-tool":"cli-firebase"},"createTime":"2023-04-13T06:15:12.916887Z","createUser":{"email":"g09b5546@gmail.com","imageUrl":"https://lh3.googleusercontent.com/a/AGNmyxa7nupVPvlj6E78GIoT_kUrvN7MaMvqTNrlugBYug"},"finalizeTime":"2023-04-13T06:15:43.143005Z","finalizeUser":{"email":"g09b5546@gmail.com","imageUrl":"https://lh3.googleusercontent.com/a/AGNmyxa7nupVPvlj6E78GIoT_kUrvN7MaMvqTNrlugBYug"}},"type":"DEPLOY","releaseTime":"2023-04-13T06:15:49.092Z","releaseUser":{"email":"g09b5546@gmail.com","imageUrl":"https://lh3.googleusercontent.com/a/AGNmyxa7nupVPvlj6E78GIoT_kUrvN7MaMvqTNrlugBYug"}}
[debug] [2023-04-13T06:15:52.568Z] [hosting] release: {"name":"projects/661749010470/sites/gymexercises12/channels/live/releases/1681366549092000","version":{"name":"projects/661749010470/sites/gymexercises12/versions/9f95c1cc8b33cb62","status":"FINALIZED","config":{},"labels":{"deployment-tool":"cli-firebase"},"createTime":"2023-04-13T06:15:12.916887Z","createUser":{"email":"g09b5546@gmail.com","imageUrl":"https://lh3.googleusercontent.com/a/AGNmyxa7nupVPvlj6E78GIoT_kUrvN7MaMvqTNrlugBYug"},"finalizeTime":"2023-04-13T06:15:43.143005Z","finalizeUser":{"email":"g09b5546@gmail.com","imageUrl":"https://lh3.googleusercontent.com/a/AGNmyxa7nupVPvlj6E78GIoT_kUrvN7MaMvqTNrlugBYug"}},"type":"DEPLOY","releaseTime":"2023-04-13T06:15:49.092Z","releaseUser":{"email":"g09b5546@gmail.com","imageUrl":"https://lh3.googleusercontent.com/a/AGNmyxa7nupVPvlj6E78GIoT_kUrvN7MaMvqTNrlugBYug"}}
[info] +  hosting[gymexercises12]: release complete 
[info] 
[info] +  Deploy complete! 
[info] 
[info] Project Console: https://console.firebase.google.com/project/gymexercises12/overview
[info] Hosting URL: https://gymexercises12.web.app
[debug] [2023-04-13T06:16:06.079Z] Error: Timed out.
    at Timeout.<anonymous> (C:\Users\Gugas\AppData\Roaming\npm\node_modules\firebase-tools\lib\utils.js:253:49)
    at listOnTimeout (node:internal/timers:569:17)
    at process.processTimers (node:internal/timers:512:7)
[error] 
[error] Error: An unexpected error has occurred.
